<?xml version="1.0" encoding="UTF-8"?>
<!-- Generated by org.testng.reporters.JUnitXMLReporter -->
<testsuite hostname="sudharsan" ignored="0" name="Default test" tests="4" failures="0" timestamp="26 Apr 2018 15:26:26 GMT" time="141.144" errors="0">
  <testcase name="isURLConnected" time="10.18" classname="com.Amazon.Test.Scenarios.ShoppingCartTest"/>
  <testcase name="isUserAbleToClickSign" time="10.892" classname="com.Amazon.Test.Scenarios.ShoppingCartTest"/>
  <testcase name="isUserCredentialsEnteredCorrectly" time="9.579" classname="com.Amazon.Test.Scenarios.ShoppingCartTest"/>
  <testcase name="isCustomerAbleToAddItemToShoppingCart" time="100.062" classname="com.Amazon.Test.Scenarios.ShoppingCartTest"/>
</testsuite> <!-- Default test -->
